<?xml version="1.0" encoding="UTF-8"?>
<!-- Generated by org.testng.reporters.JUnitReportReporter -->
<testsuite hostname="sangrambadi10-pc" failures="0" tests="1" name="test.ClickTest" time="22.359" errors="0" timestamp="2022-04-29T17:38:18 IST" skipped="0">
  <testcase classname="test.ClickTest" name="clickTest" time="22.359"/>
  <system-out/>
</testsuite> <!-- test.ClickTest -->
