<?xml version="1.0" encoding="UTF-8"?>
<!-- Generated by org.testng.reporters.JUnitReportReporter -->
<testsuite hostname="sangrambadi10-pc" failures="0" tests="1" name="test.BaseClass" time="0.006" errors="0" timestamp="2021-03-10T22:19:24 IST" skipped="0">
  <testcase classname="test.BaseClass" name="sampleTest" time="0.006"/>
  <system-out/>
</testsuite> <!-- test.BaseClass -->
