<?xml version="1.0" encoding="UTF-8"?>
<!-- Generated by org.testng.reporters.JUnitReportReporter -->
<testsuite hostname="sangrambadi10-pc" failures="0" tests="2" name="test.Testcase" time="57.350" errors="0" timestamp="2022-04-29T15:49:50 IST" skipped="0">
  <testcase classname="test.Testcase" name="testCase1" time="21.359"/>
  <system-out/>
  <testcase classname="test.Testcase" name="testCase2" time="35.991"/>
  <system-out/>
</testsuite> <!-- test.Testcase -->
